2021-12-29 10:19:44,199 [Worker-5: Loading available Gradle versions] INFO  o.e.b.c.i.u.g.PublishedGradleVersions - Gradle version information cache is up-to-date. Trying to read.
2021-12-29 10:20:47,760 [Worker-6: Import Getting Started Content] INFO  o.e.m.c.i.l.LifecycleMappingFactory - Using org.eclipse.m2e.jdt.JarLifecycleMapping lifecycle mapping for MavenProject: com.example:fastFood:0.0.1-SNAPSHOT @ C:\Users\hp\Documents\workspace-spring-tool-suite-4-4.13.0.RELEASE\fastFood\fastFood\pom.xml.
2021-12-29 10:20:48,859 [Worker-6: Import Getting Started Content] INFO  o.e.m.j.i.AbstractJavaProjectConfigurator - Adding source folder /fastFood/src/main/java
2021-12-29 10:20:48,859 [Worker-6: Import Getting Started Content] INFO  o.e.m.j.i.AbstractJavaProjectConfigurator - Adding resource folder /fastFood/src/main/resources
2021-12-29 10:20:48,885 [Worker-6: Import Getting Started Content] INFO  o.e.m.j.i.AbstractJavaProjectConfigurator - Adding resource folder /fastFood/src/main/resources
2021-12-29 10:20:48,892 [Worker-6: Import Getting Started Content] INFO  o.e.m.j.i.AbstractJavaProjectConfigurator - Adding source folder /fastFood/src/test/java
2021-12-29 10:20:51,492 [Worker-6: Import Getting Started Content] INFO  o.e.m.c.i.p.ProjectConfigurationManager - Imported and configured 1 project(s) in 4 sec
2021-12-29 10:20:51,497 [Worker-6: Import Getting Started Content] INFO  o.e.m.c.i.p.ProjectConfigurationManager - Update started
2021-12-29 10:20:52,023 [Worker-6: Import Getting Started Content] INFO  o.e.m.c.i.l.LifecycleMappingFactory - Using org.eclipse.m2e.jdt.JarLifecycleMapping lifecycle mapping for MavenProject: com.example:fastFood:0.0.1-SNAPSHOT @ C:\Users\hp\Documents\workspace-spring-tool-suite-4-4.13.0.RELEASE\fastFood\fastFood\pom.xml.
2021-12-29 10:20:52,456 [Worker-6: Import Getting Started Content] INFO  o.e.m.j.i.AbstractJavaProjectConfigurator - Adding source folder /fastFood/src/main/java
2021-12-29 10:20:52,456 [Worker-6: Import Getting Started Content] INFO  o.e.m.j.i.AbstractJavaProjectConfigurator - Adding resource folder /fastFood/src/main/resources
2021-12-29 10:20:52,456 [Worker-6: Import Getting Started Content] INFO  o.e.m.j.i.AbstractJavaProjectConfigurator - Adding resource folder /fastFood/src/main/resources
2021-12-29 10:20:52,457 [Worker-6: Import Getting Started Content] INFO  o.e.m.j.i.AbstractJavaProjectConfigurator - Adding source folder /fastFood/src/test/java
2021-12-29 10:20:52,712 [Worker-6: Import Getting Started Content] INFO  o.e.m.c.i.p.ProjectConfigurationManager - Update completed: 1 sec
2021-12-29 10:20:53,420 [Worker-6: Building] INFO  o.e.m.c.i.embedder.EclipseLogger - Using 'UTF-8' encoding to copy filtered resources.
2021-12-29 10:20:53,421 [Worker-6: Building] INFO  o.e.m.c.i.embedder.EclipseLogger - Using 'UTF-8' encoding to copy filtered properties files.
2021-12-29 10:20:53,424 [Worker-6: Building] INFO  o.e.m.c.i.embedder.EclipseLogger - Copying 1 resource
2021-12-29 10:20:53,438 [Worker-6: Building] INFO  o.e.m.c.i.embedder.EclipseLogger - Copying 0 resource
2021-12-29 10:20:53,440 [Worker-6: Building] INFO  o.e.m.c.i.embedder.EclipseLogger - Using 'UTF-8' encoding to copy filtered resources.
2021-12-29 10:20:53,441 [Worker-6: Building] INFO  o.e.m.c.i.embedder.EclipseLogger - Using 'UTF-8' encoding to copy filtered properties files.
2021-12-29 10:20:53,441 [Worker-6: Building] INFO  o.e.m.c.i.embedder.EclipseLogger - skip non existing resourceDirectory C:\Users\hp\Documents\workspace-spring-tool-suite-4-4.13.0.RELEASE\fastFood\fastFood\src\test\resources
